[debug] [2021-03-14T19:21:41.793Z] ----------------------------------------------------------------------
[debug] [2021-03-14T19:21:41.795Z] Command:       /usr/local/bin/firebase /Users/MF/.cache/firebase/tools/lib/node_modules/firebase-tools/lib/bin/firebase emulators:start
[debug] [2021-03-14T19:21:41.796Z] CLI Version:   9.6.1
[debug] [2021-03-14T19:21:41.797Z] Platform:      darwin
[debug] [2021-03-14T19:21:41.797Z] Node Version:  v12.18.1
[debug] [2021-03-14T19:21:41.805Z] Time:          Sun Mar 14 2021 15:21:41 GMT-0400 (Eastern Daylight Time)
[debug] [2021-03-14T19:21:41.805Z] ----------------------------------------------------------------------
[debug] [2021-03-14T19:21:41.805Z] 
[debug] [2021-03-14T19:21:41.809Z] >>> [apiv2][query] GET https://firebase-public.firebaseio.com/cli.json [none]
[debug] [2021-03-14T19:21:41.842Z] > command requires scopes: ["email","openid","https://www.googleapis.com/auth/cloudplatformprojects.readonly","https://www.googleapis.com/auth/firebase","https://www.googleapis.com/auth/cloud-platform"]
[debug] [2021-03-14T19:21:41.843Z] > authorizing via signed-in user
[info] i  emulators: Starting emulators: auth, functions, firestore, database, hosting, pubsub {"metadata":{"emulator":{"name":"hub"},"message":"Starting emulators: auth, functions, firestore, database, hosting, pubsub"}}
[debug] [2021-03-14T19:21:41.900Z] [hub] writing locator at /var/folders/56/gbjcvr055_b_pr62mg_kqj780000gp/T/hub-ga-knowledge-hub.json
[info] ✔  functions: Using node@12 from host. {"metadata":{"emulator":{"name":"functions"},"message":"Using node@12 from host."}}
[debug] [2021-03-14T19:21:41.947Z] defaultcredentials: writing to file /Users/MF/.config/firebase/mf_matthewfishel_com_application_default_credentials.json
[debug] [2021-03-14T19:21:41.952Z] Setting GAC to /Users/MF/.config/firebase/mf_matthewfishel_com_application_default_credentials.json {"metadata":{"emulator":{"name":"functions"},"message":"Setting GAC to /Users/MF/.config/firebase/mf_matthewfishel_com_application_default_credentials.json"}}
[debug] [2021-03-14T19:21:41.953Z] > refreshing access token with scopes: []
[debug] [2021-03-14T19:21:41.954Z] >>> HTTP REQUEST POST https://www.googleapis.com/oauth2/v3/token  
 <request body omitted>
[debug] [2021-03-14T19:21:42.033Z] <<< [apiv2][status] GET https://firebase-public.firebaseio.com/cli.json 200
[debug] [2021-03-14T19:21:42.033Z] <<< [apiv2][body] GET https://firebase-public.firebaseio.com/cli.json {"cloudBuildErrorAfter":1594252800000,"cloudBuildWarnAfter":1590019200000,"defaultNode10After":1594252800000,"minVersion":"3.0.5","node8DeploysDisabledAfter":1613390400000,"node8RuntimeDisabledAfter":1615809600000,"node8WarnAfter":1600128000000}
[debug] [2021-03-14T19:21:42.105Z] <<< HTTP RESPONSE 200 {"expires":"Mon, 01 Jan 1990 00:00:00 GMT","pragma":"no-cache","cache-control":"no-cache, no-store, max-age=0, must-revalidate","date":"Sun, 14 Mar 2021 19:21:42 GMT","content-type":"application/json; charset=utf-8","vary":"X-Origin, Referer, Origin,Accept-Encoding","server":"scaffolding on HTTPServer2","x-xss-protection":"0","x-frame-options":"SAMEORIGIN","x-content-type-options":"nosniff","alt-svc":"h3-29=\":443\"; ma=2592000,h3-T051=\":443\"; ma=2592000,h3-Q050=\":443\"; ma=2592000,h3-Q046=\":443\"; ma=2592000,h3-Q043=\":443\"; ma=2592000,quic=\":443\"; ma=2592000; v=\"46,43\"","accept-ranges":"none","transfer-encoding":"chunked"}
[debug] [2021-03-14T19:21:42.140Z] >>> [apiv2][query] GET https://firebase.googleapis.com/v1beta1/projects/ga-knowledge-hub/adminSdkConfig [none]
[debug] [2021-03-14T19:21:42.387Z] <<< [apiv2][status] GET https://firebase.googleapis.com/v1beta1/projects/ga-knowledge-hub/adminSdkConfig 200
[debug] [2021-03-14T19:21:42.387Z] <<< [apiv2][body] GET https://firebase.googleapis.com/v1beta1/projects/ga-knowledge-hub/adminSdkConfig {"projectId":"ga-knowledge-hub","storageBucket":"ga-knowledge-hub.appspot.com","locationId":"us-east1"}
[warn] ⚠  firestore: Did not find a Cloud Firestore rules file specified in a firebase.json config file. {"metadata":{"emulator":{"name":"firestore"},"message":"Did not find a Cloud Firestore rules file specified in a firebase.json config file."}}
[warn] ⚠  firestore: The emulator will default to allowing all reads and writes. Learn more about this option: https://firebase.google.com/docs/emulator-suite/install_and_configure#security_rules_configuration. {"metadata":{"emulator":{"name":"firestore"},"message":"The emulator will default to allowing all reads and writes. Learn more about this option: https://firebase.google.com/docs/emulator-suite/install_and_configure#security_rules_configuration."}}
[debug] [2021-03-14T19:21:42.411Z] Ignoring unsupported arg: projectId {"metadata":{"emulator":{"name":"firestore"},"message":"Ignoring unsupported arg: projectId"}}
[debug] [2021-03-14T19:21:42.411Z] Ignoring unsupported arg: auto_download {"metadata":{"emulator":{"name":"firestore"},"message":"Ignoring unsupported arg: auto_download"}}
[debug] [2021-03-14T19:21:42.411Z] Starting Firestore Emulator with command {"binary":"java","args":["-Dgoogle.cloud_firestore.debug_log_level=FINE","-Duser.language=en","-jar","/Users/MF/.cache/firebase/emulators/cloud-firestore-emulator-v1.11.12.jar","--host","localhost","--port",8080,"--functions_emulator","localhost:5001"],"optionalArgs":["port","webchannel_port","host","rules","functions_emulator","seed_from_export"],"joinArgs":false} {"metadata":{"emulator":{"name":"firestore"},"message":"Starting Firestore Emulator with command {\"binary\":\"java\",\"args\":[\"-Dgoogle.cloud_firestore.debug_log_level=FINE\",\"-Duser.language=en\",\"-jar\",\"/Users/MF/.cache/firebase/emulators/cloud-firestore-emulator-v1.11.12.jar\",\"--host\",\"localhost\",\"--port\",8080,\"--functions_emulator\",\"localhost:5001\"],\"optionalArgs\":[\"port\",\"webchannel_port\",\"host\",\"rules\",\"functions_emulator\",\"seed_from_export\"],\"joinArgs\":false}"}}
[info] i  firestore: Firestore Emulator logging to firestore-debug.log {"metadata":{"emulator":{"name":"firestore"},"message":"Firestore Emulator logging to \u001b[1mfirestore-debug.log\u001b[22m"}}
[debug] [2021-03-14T19:21:48.461Z] API endpoint: http:// {"metadata":{"emulator":{"name":"firestore"},"message":"API endpoint: http://"}}
[debug] [2021-03-14T19:21:48.463Z] localhost {"metadata":{"emulator":{"name":"firestore"},"message":"localhost"}}
[debug] [2021-03-14T19:21:48.468Z] : {"metadata":{"emulator":{"name":"firestore"},"message":":"}}
[debug] [2021-03-14T19:21:48.470Z] 8080 {"metadata":{"emulator":{"name":"firestore"},"message":"8080"}}
[debug] [2021-03-14T19:21:48.470Z] 
 {"metadata":{"emulator":{"name":"firestore"},"message":"\n"}}
[debug] [2021-03-14T19:21:48.472Z] If you are using a library that supports the FIRESTORE_EMULATOR_HOST environment variable, run:
 {"metadata":{"emulator":{"name":"firestore"},"message":"If you are using a library that supports the FIRESTORE_EMULATOR_HOST environment variable, run:\n"}}
[debug] [2021-03-14T19:21:48.472Z] 
   export FIRESTORE_EMULATOR_HOST=localhost:8080

Dev App Server is now running.

 {"metadata":{"emulator":{"name":"firestore"},"message":"\n   export FIRESTORE_EMULATOR_HOST=localhost:8080\n\nDev App Server is now running.\n\n"}}
[debug] [2021-03-14T19:21:48.615Z] >>> [apiv2][query] GET https://firebase.googleapis.com/v1beta1/projects/ga-knowledge-hub [none]
[debug] [2021-03-14T19:21:48.823Z] <<< [apiv2][status] GET https://firebase.googleapis.com/v1beta1/projects/ga-knowledge-hub 200
[debug] [2021-03-14T19:21:48.824Z] <<< [apiv2][body] GET https://firebase.googleapis.com/v1beta1/projects/ga-knowledge-hub {"projectId":"ga-knowledge-hub","projectNumber":"184732337533","displayName":"GA Knowledge Hub","name":"projects/ga-knowledge-hub","resources":{"hostingSite":"ga-knowledge-hub","storageBucket":"ga-knowledge-hub.appspot.com","locationId":"us-east1"},"state":"ACTIVE"}
[debug] [2021-03-14T19:21:48.824Z] database rules config:  []
[warn] ⚠  database: Did not find a Realtime Database rules file specified in a firebase.json config file. The emulator will default to allowing all reads and writes. Learn more about this option: https://firebase.google.com/docs/emulator-suite/install_and_configure#security_rules_configuration. {"metadata":{"emulator":{"name":"database"},"message":"Did not find a Realtime Database rules file specified in a firebase.json config file. The emulator will default to allowing all reads and writes. Learn more about this option: https://firebase.google.com/docs/emulator-suite/install_and_configure#security_rules_configuration."}}
[debug] [2021-03-14T19:21:48.826Z] Ignoring unsupported arg: projectId {"metadata":{"emulator":{"name":"database"},"message":"Ignoring unsupported arg: projectId"}}
[debug] [2021-03-14T19:21:48.826Z] Ignoring unsupported arg: auto_download {"metadata":{"emulator":{"name":"database"},"message":"Ignoring unsupported arg: auto_download"}}
[debug] [2021-03-14T19:21:48.826Z] Ignoring unsupported arg: rules {"metadata":{"emulator":{"name":"database"},"message":"Ignoring unsupported arg: rules"}}
[debug] [2021-03-14T19:21:48.826Z] Starting Database Emulator with command {"binary":"java","args":["-Duser.language=en","-jar","/Users/MF/.cache/firebase/emulators/firebase-database-emulator-v4.7.2.jar","--host","localhost","--port",9000,"--functions_emulator_host","localhost","--functions_emulator_port",5001],"optionalArgs":["port","host","functions_emulator_port","functions_emulator_host"],"joinArgs":false} {"metadata":{"emulator":{"name":"database"},"message":"Starting Database Emulator with command {\"binary\":\"java\",\"args\":[\"-Duser.language=en\",\"-jar\",\"/Users/MF/.cache/firebase/emulators/firebase-database-emulator-v4.7.2.jar\",\"--host\",\"localhost\",\"--port\",9000,\"--functions_emulator_host\",\"localhost\",\"--functions_emulator_port\",5001],\"optionalArgs\":[\"port\",\"host\",\"functions_emulator_port\",\"functions_emulator_host\"],\"joinArgs\":false}"}}
[info] i  database: Database Emulator logging to database-debug.log {"metadata":{"emulator":{"name":"database"},"message":"Database Emulator logging to \u001b[1mdatabase-debug.log\u001b[22m"}}
[debug] [2021-03-14T19:21:50.890Z] WARNING: An illegal reflective access operation has occurred
WARNING: Illegal reflective access by io.netty.util.internal.ReflectionUtil (file:/Users/MF/.cache/firebase/emulators/firebase-database-emulator-v4.7.2.jar) to field sun.nio.ch.SelectorImpl.selectedKeys
WARNING: Please consider reporting this to the maintainers of io.netty.util.internal.ReflectionUtil
WARNING: Use --illegal-access=warn to enable warnings of further illegal reflective access operations
WARNING: All illegal access operations will be denied in a future release
 {"metadata":{"emulator":{"name":"database"},"message":"WARNING: An illegal reflective access operation has occurred\nWARNING: Illegal reflective access by io.netty.util.internal.ReflectionUtil (file:/Users/MF/.cache/firebase/emulators/firebase-database-emulator-v4.7.2.jar) to field sun.nio.ch.SelectorImpl.selectedKeys\nWARNING: Please consider reporting this to the maintainers of io.netty.util.internal.ReflectionUtil\nWARNING: Use --illegal-access=warn to enable warnings of further illegal reflective access operations\nWARNING: All illegal access operations will be denied in a future release\n"}}
[debug] [2021-03-14T19:21:53.651Z] 15:21:53.647 [NamespaceSystem-akka.actor.default-dispatcher-5] INFO akka.event.slf4j.Slf4jLogger - Slf4jLogger started
 {"metadata":{"emulator":{"name":"database"},"message":"15:21:53.647 [NamespaceSystem-akka.actor.default-dispatcher-5] INFO akka.event.slf4j.Slf4jLogger - Slf4jLogger started\n"}}
[debug] [2021-03-14T19:21:54.229Z] 15:21:54.229 [main] INFO com.firebase.server.forge.App$ - Listening at localhost:9000
 {"metadata":{"emulator":{"name":"database"},"message":"15:21:54.229 [main] INFO com.firebase.server.forge.App$ - Listening at localhost:9000\n"}}
[debug] [2021-03-14T19:22:08.301Z] Ignoring unsupported arg: projectId {"metadata":{"emulator":{"name":"pubsub"},"message":"Ignoring unsupported arg: projectId"}}
[debug] [2021-03-14T19:22:08.301Z] Ignoring unsupported arg: auto_download {"metadata":{"emulator":{"name":"pubsub"},"message":"Ignoring unsupported arg: auto_download"}}
[debug] [2021-03-14T19:22:08.301Z] Starting Pub/Sub Emulator with command {"binary":"/Users/MF/.cache/firebase/emulators/pubsub-emulator-0.1.0/pubsub-emulator/bin/cloud-pubsub-emulator","args":["--host=localhost","--port=8085"],"optionalArgs":["port","host"],"joinArgs":true} {"metadata":{"emulator":{"name":"pubsub"},"message":"Starting Pub/Sub Emulator with command {\"binary\":\"/Users/MF/.cache/firebase/emulators/pubsub-emulator-0.1.0/pubsub-emulator/bin/cloud-pubsub-emulator\",\"args\":[\"--host=localhost\",\"--port=8085\"],\"optionalArgs\":[\"port\",\"host\"],\"joinArgs\":true}"}}
[info] i  pubsub: Pub/Sub Emulator logging to pubsub-debug.log {"metadata":{"emulator":{"name":"pubsub"},"message":"Pub/Sub Emulator logging to \u001b[1mpubsub-debug.log\u001b[22m"}}
[debug] [2021-03-14T19:22:09.173Z] This is the Google Pub/Sub fake.
Implementation may be incomplete or differ from the real system.
 {"metadata":{"emulator":{"name":"pubsub"},"message":"This is the Google Pub/Sub fake.\nImplementation may be incomplete or differ from the real system.\n"}}
[debug] [2021-03-14T19:22:09.420Z] Mar 14, 2021 3:22:09 PM com.google.cloud.pubsub.testing.v1.Main main
INFO: IAM integration is disabled. IAM policy methods and ACL checks are not supported
 {"metadata":{"emulator":{"name":"pubsub"},"message":"Mar 14, 2021 3:22:09 PM com.google.cloud.pubsub.testing.v1.Main main\nINFO: IAM integration is disabled. IAM policy methods and ACL checks are not supported\n"}}
[debug] [2021-03-14T19:22:10.980Z] Functions emulator received unknown request at path /
[debug] [2021-03-14T19:22:11.110Z] Functions emulator received unknown request at path /favicon.ico
[debug] [2021-03-14T19:22:11.673Z] Mar 14, 2021 3:22:11 PM io.gapi.emulators.netty.NettyUtil applyJava7LongHostnameWorkaround
INFO: Unable to apply Java 7 long hostname workaround.
 {"metadata":{"emulator":{"name":"pubsub"},"message":"Mar 14, 2021 3:22:11 PM io.gapi.emulators.netty.NettyUtil applyJava7LongHostnameWorkaround\nINFO: Unable to apply Java 7 long hostname workaround.\n"}}
[debug] [2021-03-14T19:22:12.194Z] Mar 14, 2021 3:22:12 PM com.google.cloud.pubsub.testing.v1.Main main
INFO: Server started, listening on 8085
 {"metadata":{"emulator":{"name":"pubsub"},"message":"Mar 14, 2021 3:22:12 PM com.google.cloud.pubsub.testing.v1.Main main\nINFO: Server started, listening on 8085\n"}}
[debug] [2021-03-14T19:22:12.456Z] >>> [apiv2][query] GET https://firebase.googleapis.com/v1beta1/projects/ga-knowledge-hub/webApps/-/config [none]
[debug] [2021-03-14T19:22:12.727Z] Mar 14, 2021 3:22:12 PM io.gapi.emulators.grpc.GrpcServer$3 operationComplete
INFO: Adding handler(s) to newly registered Channel.
 {"metadata":{"emulator":{"name":"pubsub"},"message":"Mar 14, 2021 3:22:12 PM io.gapi.emulators.grpc.GrpcServer$3 operationComplete\nINFO: Adding handler(s) to newly registered Channel.\n"}}
[debug] [2021-03-14T19:22:12.811Z] <<< [apiv2][status] GET https://firebase.googleapis.com/v1beta1/projects/ga-knowledge-hub/webApps/-/config 200
[debug] [2021-03-14T19:22:12.811Z] <<< [apiv2][body] GET https://firebase.googleapis.com/v1beta1/projects/ga-knowledge-hub/webApps/-/config {"projectId":"ga-knowledge-hub","storageBucket":"ga-knowledge-hub.appspot.com","locationId":"us-east1","apiKey":"AIzaSyAoR99UxpX_zH2yswMzg8-uQWQbYC3KwdM","authDomain":"ga-knowledge-hub.firebaseapp.com","messagingSenderId":"184732337533"}
[info] i  hosting[gaknowledgehub]: Serving hosting files from: static {"metadata":{"emulator":{"name":"hosting"},"message":"Serving hosting files from: \u001b[1mstatic\u001b[22m"}}
[info] ✔  hosting[gaknowledgehub]: Local server: http://localhost:5000 {"metadata":{"emulator":{"name":"hosting"},"message":"Local server: \u001b[4m\u001b[1mhttp://localhost:5000\u001b[22m\u001b[24m"}}
[debug] [2021-03-14T19:22:12.871Z] Ignoring unsupported arg: auto_download {"metadata":{"emulator":{"name":"ui"},"message":"Ignoring unsupported arg: auto_download"}}
[debug] [2021-03-14T19:22:12.871Z] Ignoring unsupported arg: port {"metadata":{"emulator":{"name":"ui"},"message":"Ignoring unsupported arg: port"}}
[debug] [2021-03-14T19:22:12.871Z] Starting Emulator UI with command {"binary":"node","args":["/Users/MF/.cache/firebase/emulators/ui-v1.4.2/server.bundle.js"],"optionalArgs":[],"joinArgs":false} {"metadata":{"emulator":{"name":"ui"},"message":"Starting Emulator UI with command {\"binary\":\"node\",\"args\":[\"/Users/MF/.cache/firebase/emulators/ui-v1.4.2/server.bundle.js\"],\"optionalArgs\":[],\"joinArgs\":false}"}}
[info] i  ui: Emulator UI logging to ui-debug.log {"metadata":{"emulator":{"name":"ui"},"message":"Emulator UI logging to \u001b[1mui-debug.log\u001b[22m"}}
[debug] [2021-03-14T19:22:14.293Z] Web / API server started at http://localhost:4000
 {"metadata":{"emulator":{"name":"ui"},"message":"Web / API server started at http://localhost:4000\n"}}
[info] i  functions: Watching "/Users/MF/Documents/GitHub/JIB-0330/functions" for Cloud Functions... {"metadata":{"emulator":{"name":"functions"},"message":"Watching \"/Users/MF/Documents/GitHub/JIB-0330/functions\" for Cloud Functions..."}}
[debug] [2021-03-14T19:22:14.461Z] [worker-pool] addWorker(~diagnostic~) {"metadata":{"emulator":{"name":"functions"},"message":"[worker-pool] addWorker(~diagnostic~)"}}
[debug] [2021-03-14T19:22:14.462Z] [worker-pool] Adding worker with key ~diagnostic~, total=1 {"metadata":{"emulator":{"name":"functions"},"message":"[worker-pool] Adding worker with key ~diagnostic~, total=1"}}
[debug] [2021-03-14T19:22:14.462Z] [worker-pool] submitWork(triggerId=) {"metadata":{"emulator":{"name":"functions"},"message":"[worker-pool] submitWork(triggerId=)"}}
[debug] [2021-03-14T19:22:14.464Z] [worker-~diagnostic~-1e684eb6-b2ae-4d29-80aa-2b619fefb0f8]: Assigning socketPath: /var/folders/56/gbjcvr055_b_pr62mg_kqj780000gp/T/fire_emu_24609.sock {"metadata":{"emulator":{"name":"functions"},"message":"[worker-~diagnostic~-1e684eb6-b2ae-4d29-80aa-2b619fefb0f8]: Assigning socketPath: /var/folders/56/gbjcvr055_b_pr62mg_kqj780000gp/T/fire_emu_24609.sock"}}
[debug] [2021-03-14T19:22:14.465Z] [worker-~diagnostic~-1e684eb6-b2ae-4d29-80aa-2b619fefb0f8]: BUSY {"metadata":{"emulator":{"name":"functions"},"message":"[worker-~diagnostic~-1e684eb6-b2ae-4d29-80aa-2b619fefb0f8]: BUSY"}}
[debug] [2021-03-14T19:22:16.901Z] [runtime-status] [24609] Functions runtime initialized. {"cwd":"/Users/MF/Documents/GitHub/JIB-0330/functions","node_version":"12.18.1"} {"metadata":{"emulator":{"name":"functions"},"message":"[runtime-status] [24609] Functions runtime initialized. {\"cwd\":\"/Users/MF/Documents/GitHub/JIB-0330/functions\",\"node_version\":\"12.18.1\"}"}}
[debug] [2021-03-14T19:22:16.918Z] [runtime-status] [24609] Disabled runtime features: undefined {"metadata":{"emulator":{"name":"functions"},"message":"[runtime-status] [24609] Disabled runtime features: undefined"}}
[debug] [2021-03-14T19:22:16.966Z] [runtime-status] [24609] Resolved module firebase-admin {"declared":true,"installed":true,"version":"9.5.0","resolution":"/Users/MF/Documents/GitHub/JIB-0330/functions/node_modules/firebase-admin/lib/index.js"} {"metadata":{"emulator":{"name":"functions"},"message":"[runtime-status] [24609] Resolved module firebase-admin {\"declared\":true,\"installed\":true,\"version\":\"9.5.0\",\"resolution\":\"/Users/MF/Documents/GitHub/JIB-0330/functions/node_modules/firebase-admin/lib/index.js\"}"}}
[debug] [2021-03-14T19:22:17.023Z] [runtime-status] [24609] Resolved module firebase-functions {"declared":true,"installed":true,"version":"3.13.2","resolution":"/Users/MF/Documents/GitHub/JIB-0330/functions/node_modules/firebase-functions/lib/index.js"} {"metadata":{"emulator":{"name":"functions"},"message":"[runtime-status] [24609] Resolved module firebase-functions {\"declared\":true,\"installed\":true,\"version\":\"3.13.2\",\"resolution\":\"/Users/MF/Documents/GitHub/JIB-0330/functions/node_modules/firebase-functions/lib/index.js\"}"}}
[debug] [2021-03-14T19:22:17.048Z] [runtime-status] [24609] Resolved module firebase-functions {"declared":true,"installed":true,"version":"3.13.2","resolution":"/Users/MF/Documents/GitHub/JIB-0330/functions/node_modules/firebase-functions/lib/index.js"} {"metadata":{"emulator":{"name":"functions"},"message":"[runtime-status] [24609] Resolved module firebase-functions {\"declared\":true,\"installed\":true,\"version\":\"3.13.2\",\"resolution\":\"/Users/MF/Documents/GitHub/JIB-0330/functions/node_modules/firebase-functions/lib/index.js\"}"}}
[debug] [2021-03-14T19:22:17.050Z] [runtime-status] [24609] Set PUBSUB_EMULATOR_HOST to localhost:8085 {"metadata":{"emulator":{"name":"functions"},"message":"[runtime-status] [24609] Set PUBSUB_EMULATOR_HOST to localhost:8085"}}
[debug] [2021-03-14T19:22:17.083Z] [runtime-status] [24609] Outgoing network have been stubbed. [{"name":"http","status":"mocked"},{"name":"http","status":"mocked"},{"name":"https","status":"mocked"},{"name":"https","status":"mocked"},{"name":"net","status":"mocked"}] {"metadata":{"emulator":{"name":"functions"},"message":"[runtime-status] [24609] Outgoing network have been stubbed. [{\"name\":\"http\",\"status\":\"mocked\"},{\"name\":\"http\",\"status\":\"mocked\"},{\"name\":\"https\",\"status\":\"mocked\"},{\"name\":\"https\",\"status\":\"mocked\"},{\"name\":\"net\",\"status\":\"mocked\"}]"}}
[debug] [2021-03-14T19:22:17.085Z] [runtime-status] [24609] Resolved module firebase-functions {"declared":true,"installed":true,"version":"3.13.2","resolution":"/Users/MF/Documents/GitHub/JIB-0330/functions/node_modules/firebase-functions/lib/index.js"} {"metadata":{"emulator":{"name":"functions"},"message":"[runtime-status] [24609] Resolved module firebase-functions {\"declared\":true,\"installed\":true,\"version\":\"3.13.2\",\"resolution\":\"/Users/MF/Documents/GitHub/JIB-0330/functions/node_modules/firebase-functions/lib/index.js\"}"}}
[debug] [2021-03-14T19:22:17.844Z] [runtime-status] [24609] Checked functions.config() {"config":{}} {"metadata":{"emulator":{"name":"functions"},"message":"[runtime-status] [24609] Checked functions.config() {\"config\":{}}"}}
[debug] [2021-03-14T19:22:17.844Z] [runtime-status] [24609] firebase-functions has been stubbed. {"functionsResolution":{"declared":true,"installed":true,"version":"3.13.2","resolution":"/Users/MF/Documents/GitHub/JIB-0330/functions/node_modules/firebase-functions/lib/index.js"}} {"metadata":{"emulator":{"name":"functions"},"message":"[runtime-status] [24609] firebase-functions has been stubbed. {\"functionsResolution\":{\"declared\":true,\"installed\":true,\"version\":\"3.13.2\",\"resolution\":\"/Users/MF/Documents/GitHub/JIB-0330/functions/node_modules/firebase-functions/lib/index.js\"}}"}}
[debug] [2021-03-14T19:22:17.845Z] [runtime-status] [24609] Resolved module firebase-functions {"declared":true,"installed":true,"version":"3.13.2","resolution":"/Users/MF/Documents/GitHub/JIB-0330/functions/node_modules/firebase-functions/lib/index.js"} {"metadata":{"emulator":{"name":"functions"},"message":"[runtime-status] [24609] Resolved module firebase-functions {\"declared\":true,\"installed\":true,\"version\":\"3.13.2\",\"resolution\":\"/Users/MF/Documents/GitHub/JIB-0330/functions/node_modules/firebase-functions/lib/index.js\"}"}}
[debug] [2021-03-14T19:22:17.847Z] [runtime-status] [24609] Resolved module firebase-admin {"declared":true,"installed":true,"version":"9.5.0","resolution":"/Users/MF/Documents/GitHub/JIB-0330/functions/node_modules/firebase-admin/lib/index.js"} {"metadata":{"emulator":{"name":"functions"},"message":"[runtime-status] [24609] Resolved module firebase-admin {\"declared\":true,\"installed\":true,\"version\":\"9.5.0\",\"resolution\":\"/Users/MF/Documents/GitHub/JIB-0330/functions/node_modules/firebase-admin/lib/index.js\"}"}}
[debug] [2021-03-14T19:22:17.847Z] [runtime-status] [24609] Resolved module firebase-functions {"declared":true,"installed":true,"version":"3.13.2","resolution":"/Users/MF/Documents/GitHub/JIB-0330/functions/node_modules/firebase-functions/lib/index.js"} {"metadata":{"emulator":{"name":"functions"},"message":"[runtime-status] [24609] Resolved module firebase-functions {\"declared\":true,\"installed\":true,\"version\":\"3.13.2\",\"resolution\":\"/Users/MF/Documents/GitHub/JIB-0330/functions/node_modules/firebase-functions/lib/index.js\"}"}}
[debug] [2021-03-14T19:22:17.847Z] [runtime-status] [24609] firebase-admin has been stubbed. {"adminResolution":{"declared":true,"installed":true,"version":"9.5.0","resolution":"/Users/MF/Documents/GitHub/JIB-0330/functions/node_modules/firebase-admin/lib/index.js"}} {"metadata":{"emulator":{"name":"functions"},"message":"[runtime-status] [24609] firebase-admin has been stubbed. {\"adminResolution\":{\"declared\":true,\"installed\":true,\"version\":\"9.5.0\",\"resolution\":\"/Users/MF/Documents/GitHub/JIB-0330/functions/node_modules/firebase-admin/lib/index.js\"}}"}}
[info] 
┌─────────────────────────────────────────────────────────────┐
│ ✔  All emulators ready! It is now safe to connect your app. │
│ i  View Emulator UI at http://localhost:4000                │
└─────────────────────────────────────────────────────────────┘

┌────────────────┬────────────────┬─────────────────────────────────┐
│ Emulator       │ Host:Port      │ View in Emulator UI             │
├────────────────┼────────────────┼─────────────────────────────────┤
│ Authentication │ localhost:9099 │ http://localhost:4000/auth      │
├────────────────┼────────────────┼─────────────────────────────────┤
│ Functions      │ localhost:5001 │ http://localhost:4000/functions │
├────────────────┼────────────────┼─────────────────────────────────┤
│ Firestore      │ localhost:8080 │ http://localhost:4000/firestore │
├────────────────┼────────────────┼─────────────────────────────────┤
│ Database       │ localhost:9000 │ http://localhost:4000/database  │
├────────────────┼────────────────┼─────────────────────────────────┤
│ Hosting        │ localhost:5000 │ n/a                             │
├────────────────┼────────────────┼─────────────────────────────────┤
│ Pub/Sub        │ localhost:8085 │ n/a                             │
└────────────────┴────────────────┴─────────────────────────────────┘
  Emulator Hub running at localhost:4400
  Other reserved ports: 4500

Issues? Report them at https://github.com/firebase/firebase-tools/issues and attach the *-debug.log files.
 
[debug] [2021-03-14T19:22:17.916Z] [worker-~diagnostic~-1e684eb6-b2ae-4d29-80aa-2b619fefb0f8]: IDLE {"metadata":{"emulator":{"name":"functions"},"message":"[worker-~diagnostic~-1e684eb6-b2ae-4d29-80aa-2b619fefb0f8]: IDLE"}}
[info] [hosting] Cloud Run rewrite {"source":"**","run":{"serviceId":"knowledge-hub","region":"us-east1"}} triggered
[info] [hosting] Looking up Cloud Run service "/v1/projects/ga-knowledge-hub/locations/us-east1/services/knowledge-hub" for its URL
[debug] [2021-03-14T19:22:53.014Z] > refreshing access token with scopes: ["email","https://www.googleapis.com/auth/cloud-platform","https://www.googleapis.com/auth/cloudplatformprojects.readonly","https://www.googleapis.com/auth/firebase","openid"]
[debug] [2021-03-14T19:22:53.014Z] >>> HTTP REQUEST POST https://www.googleapis.com/oauth2/v3/token  
 <request body omitted>
[debug] [2021-03-14T19:22:53.121Z] <<< HTTP RESPONSE 200 {"pragma":"no-cache","date":"Sun, 14 Mar 2021 19:22:53 GMT","cache-control":"no-cache, no-store, max-age=0, must-revalidate","expires":"Mon, 01 Jan 1990 00:00:00 GMT","content-type":"application/json; charset=utf-8","vary":"X-Origin, Referer, Origin,Accept-Encoding","server":"scaffolding on HTTPServer2","x-xss-protection":"0","x-frame-options":"SAMEORIGIN","x-content-type-options":"nosniff","alt-svc":"h3-29=\":443\"; ma=2592000,h3-T051=\":443\"; ma=2592000,h3-Q050=\":443\"; ma=2592000,h3-Q046=\":443\"; ma=2592000,h3-Q043=\":443\"; ma=2592000,quic=\":443\"; ma=2592000; v=\"46,43\"","accept-ranges":"none","transfer-encoding":"chunked"}
[debug] [2021-03-14T19:22:53.143Z] >>> HTTP REQUEST GET https://run.googleapis.com/v1/projects/ga-knowledge-hub/locations/us-east1/services/knowledge-hub  
 
[debug] [2021-03-14T19:22:53.630Z] <<< HTTP RESPONSE 200 {"content-type":"application/json; charset=UTF-8","vary":"X-Origin, Referer, Origin,Accept-Encoding","date":"Sun, 14 Mar 2021 19:22:53 GMT","server":"ESF","cache-control":"private","x-xss-protection":"0","x-frame-options":"SAMEORIGIN","x-content-type-options":"nosniff","alt-svc":"h3-29=\":443\"; ma=2592000,h3-T051=\":443\"; ma=2592000,h3-Q050=\":443\"; ma=2592000,h3-Q046=\":443\"; ma=2592000,h3-Q043=\":443\"; ma=2592000,quic=\":443\"; ma=2592000; v=\"46,43\"","accept-ranges":"none","transfer-encoding":"chunked"}
[info] [hosting] Rewriting / to https://knowledge-hub-n5dbjvqxyq-ue.a.run.app for Cloud Run service "knowledge-hub" for region "us-east1"
[debug] [2021-03-14T19:22:53.633Z] >>> [apiv2][query] GET https://knowledge-hub-n5dbjvqxyq-ue.a.run.app/ 
[debug] [2021-03-14T19:22:57.354Z] <<< [apiv2][status] GET https://knowledge-hub-n5dbjvqxyq-ue.a.run.app/ 200
[debug] [2021-03-14T19:22:57.354Z] <<< [apiv2][body] GET https://knowledge-hub-n5dbjvqxyq-ue.a.run.app/ [stream]
[info] i  hosting: 127.0.0.1 - - [14/Mar/2021:19:22:57 +0000] "GET / HTTP/1.1" 200 775 "http://localhost:4000/" "Mozilla/5.0 (Macintosh; Intel Mac OS X 10.15; rv:86.0) Gecko/20100101 Firefox/86.0" {"metadata":{"emulator":{"name":"hosting"},"message":"127.0.0.1 - - [14/Mar/2021:19:22:57 +0000] \"GET / HTTP/1.1\" 200 775 \"http://localhost:4000/\" \"Mozilla/5.0 (Macintosh; Intel Mac OS X 10.15; rv:86.0) Gecko/20100101 Firefox/86.0\""}}
[info] i  hosting: 127.0.0.1 - - [14/Mar/2021:19:22:57 +0000] "GET /style/style.css HTTP/1.1" 200 4865 "http://localhost:5000/" "Mozilla/5.0 (Macintosh; Intel Mac OS X 10.15; rv:86.0) Gecko/20100101 Firefox/86.0" {"metadata":{"emulator":{"name":"hosting"},"message":"127.0.0.1 - - [14/Mar/2021:19:22:57 +0000] \"GET /style/style.css HTTP/1.1\" 200 4865 \"http://localhost:5000/\" \"Mozilla/5.0 (Macintosh; Intel Mac OS X 10.15; rv:86.0) Gecko/20100101 Firefox/86.0\""}}
[debug] [2021-03-14T19:23:10.767Z] Mar 14, 2021 3:23:10 PM io.gapi.emulators.netty.HttpVersionRoutingHandler channelRead
INFO: Detected non-HTTP/2 connection.
 {"metadata":{"emulator":{"name":"firestore"},"message":"Mar 14, 2021 3:23:10 PM io.gapi.emulators.netty.HttpVersionRoutingHandler channelRead\nINFO: Detected non-HTTP/2 connection.\n"}}
[debug] [2021-03-14T19:23:10.915Z] Mar 14, 2021 3:23:10 PM io.gapi.emulators.netty.HttpVersionRoutingHandler channelRead
INFO: Detected non-HTTP/2 connection.
 {"metadata":{"emulator":{"name":"firestore"},"message":"Mar 14, 2021 3:23:10 PM io.gapi.emulators.netty.HttpVersionRoutingHandler channelRead\nINFO: Detected non-HTTP/2 connection.\n"}}
[debug] [2021-03-14T19:23:12.684Z] Mar 14, 2021 3:23:12 PM io.gapi.emulators.netty.HttpVersionRoutingHandler channelRead
INFO: Detected HTTP/2 connection.
 {"metadata":{"emulator":{"name":"firestore"},"message":"Mar 14, 2021 3:23:12 PM io.gapi.emulators.netty.HttpVersionRoutingHandler channelRead\nINFO: Detected HTTP/2 connection.\n"}}
[info] [hosting] Cloud Run rewrite {"source":"**","run":{"serviceId":"knowledge-hub","region":"us-east1"}} triggered
[info] [hosting] Rewriting /login to https://knowledge-hub-n5dbjvqxyq-ue.a.run.app for Cloud Run service "knowledge-hub" for region "us-east1"
[debug] [2021-03-14T19:25:00.041Z] >>> [apiv2][query] GET https://knowledge-hub-n5dbjvqxyq-ue.a.run.app/login 
[debug] [2021-03-14T19:25:00.209Z] <<< [apiv2][status] GET https://knowledge-hub-n5dbjvqxyq-ue.a.run.app/login 200
[debug] [2021-03-14T19:25:00.209Z] <<< [apiv2][body] GET https://knowledge-hub-n5dbjvqxyq-ue.a.run.app/login [stream]
[info] i  hosting: 127.0.0.1 - - [14/Mar/2021:19:25:00 +0000] "GET /login HTTP/1.1" 200 541 "http://localhost:5000/" "Mozilla/5.0 (Macintosh; Intel Mac OS X 10.15; rv:86.0) Gecko/20100101 Firefox/86.0" {"metadata":{"emulator":{"name":"hosting"},"message":"127.0.0.1 - - [14/Mar/2021:19:25:00 +0000] \"GET /login HTTP/1.1\" 200 541 \"http://localhost:5000/\" \"Mozilla/5.0 (Macintosh; Intel Mac OS X 10.15; rv:86.0) Gecko/20100101 Firefox/86.0\""}}
[info] [hosting] Cloud Run rewrite {"source":"**","run":{"serviceId":"knowledge-hub","region":"us-east1"}} triggered
[info] [hosting] Rewriting /login to https://knowledge-hub-n5dbjvqxyq-ue.a.run.app for Cloud Run service "knowledge-hub" for region "us-east1"
[debug] [2021-03-14T19:25:09.601Z] >>> [apiv2][query] POST https://knowledge-hub-n5dbjvqxyq-ue.a.run.app/login 
[debug] [2021-03-14T19:25:09.601Z] >>> [apiv2][body] POST https://knowledge-hub-n5dbjvqxyq-ue.a.run.app/login [stream]
[debug] [2021-03-14T19:25:10.149Z] <<< [apiv2][status] POST https://knowledge-hub-n5dbjvqxyq-ue.a.run.app/login 302
[debug] [2021-03-14T19:25:10.150Z] <<< [apiv2][body] POST https://knowledge-hub-n5dbjvqxyq-ue.a.run.app/login [stream]
[info] i  hosting: 127.0.0.1 - - [14/Mar/2021:19:25:10 +0000] "POST /login HTTP/1.1" 302 285 "http://localhost:5000/login" "Mozilla/5.0 (Macintosh; Intel Mac OS X 10.15; rv:86.0) Gecko/20100101 Firefox/86.0" {"metadata":{"emulator":{"name":"hosting"},"message":"127.0.0.1 - - [14/Mar/2021:19:25:10 +0000] \"POST /login HTTP/1.1\" 302 285 \"http://localhost:5000/login\" \"Mozilla/5.0 (Macintosh; Intel Mac OS X 10.15; rv:86.0) Gecko/20100101 Firefox/86.0\""}}
